
*** Running vivado
    with args -log z1top_calculator.vdi -applog -m64 -product Vivado -messageDb vivado.pb -mode batch -source z1top_calculator.tcl -notrace


****** Vivado v2019.1 (64-bit)
  **** SW Build 2552052 on Fri May 24 14:49:42 MDT 2019
  **** IP Build 2548770 on Fri May 24 18:01:18 MDT 2019
    ** Copyright 1986-2019 Xilinx, Inc. All Rights Reserved.

source z1top_calculator.tcl -notrace
Command: link_design -top z1top_calculator -part xa7z020clg400-1I
Design is defaulting to srcset: sources_1
Design is defaulting to constrset: constrs_1
INFO: [Device 21-403] Loading part xa7z020clg400-1I
INFO: [Netlist 29-17] Analyzing 18 Unisim elements for replacement
INFO: [Netlist 29-28] Unisim Transformation completed in 1 CPU seconds
INFO: [Project 1-479] Netlist was created with Vivado 2019.1
INFO: [Project 1-570] Preparing netlist for logic optimization
Parsing XDC File [C:/Users/Robby/Desktop/fpga_labs_sp21-main/lab3/constr/z1top.xdc]
Finished Parsing XDC File [C:/Users/Robby/Desktop/fpga_labs_sp21-main/lab3/constr/z1top.xdc]
INFO: [Opt 31-138] Pushed 0 inverter(s) to 0 load pin(s).
Netlist sorting complete. Time (s): cpu = 00:00:00 ; elapsed = 00:00:00 . Memory (MB): peak = 659.977 ; gain = 0.000
INFO: [Project 1-111] Unisim Transformation Summary:
  A total of 5 instances were transformed.
  RAM32X1S => RAM32X1S (RAMS32): 5 instances

7 Infos, 0 Warnings, 0 Critical Warnings and 0 Errors encountered.
link_design completed successfully
link_design: Time (s): cpu = 00:00:06 ; elapsed = 00:00:08 . Memory (MB): peak = 659.977 ; gain = 367.383
Command: opt_design
Attempting to get a license for feature 'Implementation' and/or device 'xa7z020'
INFO: [Common 17-349] Got license for feature 'Implementation' and/or device 'xa7z020'
Running DRC as a precondition to command opt_design

Starting DRC Task
INFO: [DRC 23-27] Running DRC with 2 threads
INFO: [Project 1-461] DRC finished with 0 Errors
INFO: [Project 1-462] Please refer to the DRC report (report_drc) for more information.

Time (s): cpu = 00:00:01 ; elapsed = 00:00:00.695 . Memory (MB): peak = 680.977 ; gain = 21.000

Starting Cache Timing Information Task
INFO: [Timing 38-35] Done setting XDC timing constraints.
Ending Cache Timing Information Task | Checksum: 241a6c442

Time (s): cpu = 00:00:08 ; elapsed = 00:00:08 . Memory (MB): peak = 1045.609 ; gain = 364.633

Starting Logic Optimization Task

Phase 1 Retarget
INFO: [Opt 31-138] Pushed 0 inverter(s) to 0 load pin(s).
INFO: [Opt 31-49] Retargeted 0 cell(s).
Phase 1 Retarget | Checksum: 241a6c442

Time (s): cpu = 00:00:00 ; elapsed = 00:00:00.020 . Memory (MB): peak = 1186.547 ; gain = 0.000
INFO: [Opt 31-389] Phase Retarget created 0 cells and removed 0 cells

Phase 2 Constant propagation
INFO: [Opt 31-138] Pushed 0 inverter(s) to 0 load pin(s).
Phase 2 Constant propagation | Checksum: 241a6c442

Time (s): cpu = 00:00:00 ; elapsed = 00:00:00.023 . Memory (MB): peak = 1186.547 ; gain = 0.000
INFO: [Opt 31-389] Phase Constant propagation created 0 cells and removed 0 cells

Phase 3 Sweep
Phase 3 Sweep | Checksum: 19df7ff54

Time (s): cpu = 00:00:00 ; elapsed = 00:00:00.030 . Memory (MB): peak = 1186.547 ; gain = 0.000
INFO: [Opt 31-389] Phase Sweep created 0 cells and removed 0 cells

Phase 4 BUFG optimization
Phase 4 BUFG optimization | Checksum: 19df7ff54

Time (s): cpu = 00:00:00 ; elapsed = 00:00:00.037 . Memory (MB): peak = 1186.547 ; gain = 0.000
INFO: [Opt 31-662] Phase BUFG optimization created 0 cells of which 0 are BUFGs and removed 0 cells.

Phase 5 Shift Register Optimization
INFO: [Opt 31-1064] SRL Remap converted 0 SRLs to 0 registers and converted 0 registers of register chains to 0 SRLs
Phase 5 Shift Register Optimization | Checksum: 19df7ff54

Time (s): cpu = 00:00:00 ; elapsed = 00:00:00.042 . Memory (MB): peak = 1186.547 ; gain = 0.000
INFO: [Opt 31-389] Phase Shift Register Optimization created 0 cells and removed 0 cells

Phase 6 Post Processing Netlist
Phase 6 Post Processing Netlist | Checksum: 19df7ff54

Time (s): cpu = 00:00:00 ; elapsed = 00:00:00.044 . Memory (MB): peak = 1186.547 ; gain = 0.000
INFO: [Opt 31-389] Phase Post Processing Netlist created 0 cells and removed 0 cells
Opt_design Change Summary
=========================


-------------------------------------------------------------------------------------------------------------------------
|  Phase                        |  #Cells created  |  #Cells Removed  |  #Constrained objects preventing optimizations  |
-------------------------------------------------------------------------------------------------------------------------
|  Retarget                     |               0  |               0  |                                              0  |
|  Constant propagation         |               0  |               0  |                                              0  |
|  Sweep                        |               0  |               0  |                                              0  |
|  BUFG optimization            |               0  |               0  |                                              0  |
|  Shift Register Optimization  |               0  |               0  |                                              0  |
|  Post Processing Netlist      |               0  |               0  |                                              0  |
-------------------------------------------------------------------------------------------------------------------------



Starting Connectivity Check Task

Time (s): cpu = 00:00:00 ; elapsed = 00:00:00.001 . Memory (MB): peak = 1186.547 ; gain = 0.000
Ending Logic Optimization Task | Checksum: 22fb7e18a

Time (s): cpu = 00:00:00 ; elapsed = 00:00:00.055 . Memory (MB): peak = 1186.547 ; gain = 0.000

Starting Power Optimization Task
INFO: [Pwropt 34-132] Skipping clock gating for clocks with a period < 2.00 ns.
Ending Power Optimization Task | Checksum: 22fb7e18a

Time (s): cpu = 00:00:01 ; elapsed = 00:00:00.017 . Memory (MB): peak = 1186.547 ; gain = 0.000

Starting Final Cleanup Task
Ending Final Cleanup Task | Checksum: 22fb7e18a

Time (s): cpu = 00:00:00 ; elapsed = 00:00:00 . Memory (MB): peak = 1186.547 ; gain = 0.000

Starting Netlist Obfuscation Task
Netlist sorting complete. Time (s): cpu = 00:00:00 ; elapsed = 00:00:00 . Memory (MB): peak = 1186.547 ; gain = 0.000
Ending Netlist Obfuscation Task | Checksum: 22fb7e18a

Time (s): cpu = 00:00:00 ; elapsed = 00:00:00 . Memory (MB): peak = 1186.547 ; gain = 0.000
INFO: [Common 17-83] Releasing license: Implementation
24 Infos, 0 Warnings, 0 Critical Warnings and 0 Errors encountered.
opt_design completed successfully
opt_design: Time (s): cpu = 00:00:12 ; elapsed = 00:00:11 . Memory (MB): peak = 1186.547 ; gain = 526.570
Netlist sorting complete. Time (s): cpu = 00:00:00 ; elapsed = 00:00:00.001 . Memory (MB): peak = 1186.547 ; gain = 0.000
INFO: [Timing 38-480] Writing timing data to binary archive.
Writing placer database...
Writing XDEF routing.
Writing XDEF routing logical nets.
Writing XDEF routing special nets.
Write XDEF Complete: Time (s): cpu = 00:00:00 ; elapsed = 00:00:00.070 . Memory (MB): peak = 1186.547 ; gain = 0.000
INFO: [Common 17-1381] The checkpoint 'C:/Users/Robby/Desktop/Lab_3/Lab_3.runs/impl_1/z1top_calculator_opt.dcp' has been generated.
INFO: [runtcl-4] Executing : report_drc -file z1top_calculator_drc_opted.rpt -pb z1top_calculator_drc_opted.pb -rpx z1top_calculator_drc_opted.rpx
Command: report_drc -file z1top_calculator_drc_opted.rpt -pb z1top_calculator_drc_opted.pb -rpx z1top_calculator_drc_opted.rpx
INFO: [IP_Flow 19-234] Refreshing IP repositories
INFO: [IP_Flow 19-1704] No user IP repositories specified
INFO: [IP_Flow 19-2313] Loaded Vivado IP repository 'C:/Xilinx/Vivado/2019.1/data/ip'.
INFO: [DRC 23-27] Running DRC with 2 threads
INFO: [Coretcl 2-168] The results of DRC are in file C:/Users/Robby/Desktop/Lab_3/Lab_3.runs/impl_1/z1top_calculator_drc_opted.rpt.
report_drc completed successfully
Command: place_design
Attempting to get a license for feature 'Implementation' and/or device 'xa7z020'
INFO: [Common 17-349] Got license for feature 'Implementation' and/or device 'xa7z020'
INFO: [DRC 23-27] Running DRC with 2 threads
INFO: [Vivado_Tcl 4-198] DRC finished with 0 Errors
INFO: [Vivado_Tcl 4-199] Please refer to the DRC report (report_drc) for more information.
Running DRC as a precondition to command place_design
INFO: [DRC 23-27] Running DRC with 2 threads
INFO: [Vivado_Tcl 4-198] DRC finished with 0 Errors
INFO: [Vivado_Tcl 4-199] Please refer to the DRC report (report_drc) for more information.

Starting Placer Task
INFO: [Place 30-611] Multithreading enabled for place_design using a maximum of 2 CPUs

Phase 1 Placer Initialization

Phase 1.1 Placer Initialization Netlist Sorting
Netlist sorting complete. Time (s): cpu = 00:00:00 ; elapsed = 00:00:00 . Memory (MB): peak = 1186.547 ; gain = 0.000
Phase 1.1 Placer Initialization Netlist Sorting | Checksum: 1a84dabb8

Time (s): cpu = 00:00:00 ; elapsed = 00:00:00.009 . Memory (MB): peak = 1186.547 ; gain = 0.000
Netlist sorting complete. Time (s): cpu = 00:00:00 ; elapsed = 00:00:00 . Memory (MB): peak = 1186.547 ; gain = 0.000

Phase 1.2 IO Placement/ Clock Placement/ Build Placer Device
INFO: [Timing 38-35] Done setting XDC timing constraints.
Phase 1.2 IO Placement/ Clock Placement/ Build Placer Device | Checksum: 100abf482

Time (s): cpu = 00:00:01 ; elapsed = 00:00:00.613 . Memory (MB): peak = 1186.547 ; gain = 0.000

Phase 1.3 Build Placer Netlist Model
Phase 1.3 Build Placer Netlist Model | Checksum: 187cdc628

Time (s): cpu = 00:00:01 ; elapsed = 00:00:00.779 . Memory (MB): peak = 1186.547 ; gain = 0.000

Phase 1.4 Constrain Clocks/Macros
Phase 1.4 Constrain Clocks/Macros | Checksum: 187cdc628

Time (s): cpu = 00:00:01 ; elapsed = 00:00:00.781 . Memory (MB): peak = 1186.547 ; gain = 0.000
Phase 1 Placer Initialization | Checksum: 187cdc628

Time (s): cpu = 00:00:01 ; elapsed = 00:00:00.782 . Memory (MB): peak = 1186.547 ; gain = 0.000

Phase 2 Global Placement

Phase 2.1 Floorplanning
Phase 2.1 Floorplanning | Checksum: 1848e3bf2

Time (s): cpu = 00:00:02 ; elapsed = 00:00:00.939 . Memory (MB): peak = 1186.547 ; gain = 0.000

Phase 2.2 Global Placement Core

Phase 2.2.1 Physical Synthesis In Placer
INFO: [Physopt 32-65] No nets found for high-fanout optimization.
INFO: [Physopt 32-232] Optimized 0 net. Created 0 new instance.
INFO: [Physopt 32-775] End 1 Pass. Optimized 0 net or cell. Created 0 new cell, deleted 0 existing cell and moved 0 existing cell
INFO: [Physopt 32-670] No setup violation found.  DSP Register Optimization was not performed.
INFO: [Physopt 32-670] No setup violation found.  Shift Register Optimization was not performed.
INFO: [Physopt 32-670] No setup violation found.  BRAM Register Optimization was not performed.
INFO: [Physopt 32-949] No candidate nets found for HD net replication
INFO: [Physopt 32-775] End 1 Pass. Optimized 0 net or cell. Created 0 new cell, deleted 0 existing cell and moved 0 existing cell
Netlist sorting complete. Time (s): cpu = 00:00:00 ; elapsed = 00:00:00.001 . Memory (MB): peak = 1186.547 ; gain = 0.000

Summary of Physical Synthesis Optimizations
============================================


----------------------------------------------------------------------------------------------------------------------------------------
|  Optimization                  |  Added Cells  |  Removed Cells  |  Optimized Cells/Nets  |  Dont Touch  |  Iterations  |  Elapsed   |
----------------------------------------------------------------------------------------------------------------------------------------
|  Very High Fanout              |            0  |              0  |                     0  |           0  |           1  |  00:00:00  |
|  DSP Register                  |            0  |              0  |                     0  |           0  |           0  |  00:00:00  |
|  Shift Register                |            0  |              0  |                     0  |           0  |           0  |  00:00:00  |
|  BRAM Register                 |            0  |              0  |                     0  |           0  |           0  |  00:00:00  |
|  HD Interface Net Replication  |            0  |              0  |                     0  |           0  |           1  |  00:00:00  |
|  Total                         |            0  |              0  |                     0  |           0  |           2  |  00:00:00  |
----------------------------------------------------------------------------------------------------------------------------------------


Phase 2.2.1 Physical Synthesis In Placer | Checksum: 1a1785801

Time (s): cpu = 00:00:07 ; elapsed = 00:00:04 . Memory (MB): peak = 1186.547 ; gain = 0.000
Phase 2.2 Global Placement Core | Checksum: 107d0d408

Time (s): cpu = 00:00:07 ; elapsed = 00:00:04 . Memory (MB): peak = 1186.547 ; gain = 0.000
Phase 2 Global Placement | Checksum: 107d0d408

Time (s): cpu = 00:00:07 ; elapsed = 00:00:04 . Memory (MB): peak = 1186.547 ; gain = 0.000

Phase 3 Detail Placement

Phase 3.1 Commit Multi Column Macros
Phase 3.1 Commit Multi Column Macros | Checksum: 1e933fde6

Time (s): cpu = 00:00:07 ; elapsed = 00:00:04 . Memory (MB): peak = 1186.547 ; gain = 0.000

Phase 3.2 Commit Most Macros & LUTRAMs
Phase 3.2 Commit Most Macros & LUTRAMs | Checksum: 13e4807b1

Time (s): cpu = 00:00:07 ; elapsed = 00:00:04 . Memory (MB): peak = 1186.547 ; gain = 0.000

Phase 3.3 Area Swap Optimization
Phase 3.3 Area Swap Optimization | Checksum: fc2078e7

Time (s): cpu = 00:00:07 ; elapsed = 00:00:04 . Memory (MB): peak = 1186.547 ; gain = 0.000

Phase 3.4 Pipeline Register Optimization
Phase 3.4 Pipeline Register Optimization | Checksum: 134153691

Time (s): cpu = 00:00:07 ; elapsed = 00:00:04 . Memory (MB): peak = 1186.547 ; gain = 0.000

Phase 3.5 Small Shape Detail Placement
Phase 3.5 Small Shape Detail Placement | Checksum: 1e3762e6f

Time (s): cpu = 00:00:07 ; elapsed = 00:00:04 . Memory (MB): peak = 1186.547 ; gain = 0.000

Phase 3.6 Re-assign LUT pins
Phase 3.6 Re-assign LUT pins | Checksum: 1210e07ca

Time (s): cpu = 00:00:07 ; elapsed = 00:00:04 . Memory (MB): peak = 1186.547 ; gain = 0.000

Phase 3.7 Pipeline Register Optimization
Phase 3.7 Pipeline Register Optimization | Checksum: e91cc5a0

Time (s): cpu = 00:00:07 ; elapsed = 00:00:04 . Memory (MB): peak = 1186.547 ; gain = 0.000
Phase 3 Detail Placement | Checksum: e91cc5a0

Time (s): cpu = 00:00:07 ; elapsed = 00:00:04 . Memory (MB): peak = 1186.547 ; gain = 0.000

Phase 4 Post Placement Optimization and Clean-Up

Phase 4.1 Post Commit Optimization
INFO: [Timing 38-35] Done setting XDC timing constraints.

Phase 4.1.1 Post Placement Optimization
Post Placement Optimization Initialization | Checksum: 15f237b9f

Phase 4.1.1.1 BUFG Insertion
INFO: [Place 46-56] BUFG insertion identified 0 candidate nets. Inserted BUFG: 0, Replicated BUFG Driver: 0, Skipped due to Placement/Routing Conflicts: 0, Skipped due to Timing Degradation: 0, Skipped due to Illegal Netlist: 0.
Phase 4.1.1.1 BUFG Insertion | Checksum: 15f237b9f

Time (s): cpu = 00:00:07 ; elapsed = 00:00:05 . Memory (MB): peak = 1200.121 ; gain = 13.574
INFO: [Place 30-746] Post Placement Timing Summary WNS=3.435. For the most accurate timing information please run report_timing.
Phase 4.1.1 Post Placement Optimization | Checksum: 12b5c713d

Time (s): cpu = 00:00:07 ; elapsed = 00:00:05 . Memory (MB): peak = 1200.121 ; gain = 13.574
Phase 4.1 Post Commit Optimization | Checksum: 12b5c713d

Time (s): cpu = 00:00:07 ; elapsed = 00:00:05 . Memory (MB): peak = 1200.121 ; gain = 13.574

Phase 4.2 Post Placement Cleanup
Phase 4.2 Post Placement Cleanup | Checksum: 12b5c713d

Time (s): cpu = 00:00:07 ; elapsed = 00:00:05 . Memory (MB): peak = 1200.121 ; gain = 13.574

Phase 4.3 Placer Reporting
Phase 4.3 Placer Reporting | Checksum: 12b5c713d

Time (s): cpu = 00:00:07 ; elapsed = 00:00:05 . Memory (MB): peak = 1200.121 ; gain = 13.574

Phase 4.4 Final Placement Cleanup
Netlist sorting complete. Time (s): cpu = 00:00:00 ; elapsed = 00:00:00.001 . Memory (MB): peak = 1200.121 ; gain = 0.000
Phase 4.4 Final Placement Cleanup | Checksum: f339a982

Time (s): cpu = 00:00:07 ; elapsed = 00:00:05 . Memory (MB): peak = 1200.121 ; gain = 13.574
Phase 4 Post Placement Optimization and Clean-Up | Checksum: f339a982

Time (s): cpu = 00:00:07 ; elapsed = 00:00:05 . Memory (MB): peak = 1200.121 ; gain = 13.574
Ending Placer Task | Checksum: 7d78e5ff

Time (s): cpu = 00:00:07 ; elapsed = 00:00:05 . Memory (MB): peak = 1200.121 ; gain = 13.574
INFO: [Common 17-83] Releasing license: Implementation
53 Infos, 0 Warnings, 0 Critical Warnings and 0 Errors encountered.
place_design completed successfully
place_design: Time (s): cpu = 00:00:08 ; elapsed = 00:00:05 . Memory (MB): peak = 1200.121 ; gain = 13.574
Netlist sorting complete. Time (s): cpu = 00:00:00 ; elapsed = 00:00:00 . Memory (MB): peak = 1200.121 ; gain = 0.000
INFO: [Timing 38-480] Writing timing data to binary archive.
Writing placer database...
Writing XDEF routing.
Writing XDEF routing logical nets.
Writing XDEF routing special nets.
Write XDEF Complete: Time (s): cpu = 00:00:01 ; elapsed = 00:00:00.086 . Memory (MB): peak = 1200.121 ; gain = 0.000
INFO: [Common 17-1381] The checkpoint 'C:/Users/Robby/Desktop/Lab_3/Lab_3.runs/impl_1/z1top_calculator_placed.dcp' has been generated.
INFO: [runtcl-4] Executing : report_io -file z1top_calculator_io_placed.rpt
report_io: Time (s): cpu = 00:00:00 ; elapsed = 00:00:00.053 . Memory (MB): peak = 1200.121 ; gain = 0.000
INFO: [runtcl-4] Executing : report_utilization -file z1top_calculator_utilization_placed.rpt -pb z1top_calculator_utilization_placed.pb
INFO: [runtcl-4] Executing : report_control_sets -verbose -file z1top_calculator_control_sets_placed.rpt
report_control_sets: Time (s): cpu = 00:00:00 ; elapsed = 00:00:00.010 . Memory (MB): peak = 1200.121 ; gain = 0.000
Command: route_design
Attempting to get a license for feature 'Implementation' and/or device 'xa7z020'
INFO: [Common 17-349] Got license for feature 'Implementation' and/or device 'xa7z020'
Running DRC as a precondition to command route_design
INFO: [DRC 23-27] Running DRC with 2 threads
INFO: [Vivado_Tcl 4-198] DRC finished with 0 Errors
INFO: [Vivado_Tcl 4-199] Please refer to the DRC report (report_drc) for more information.


Starting Routing Task
INFO: [Route 35-254] Multithreading enabled for route_design using a maximum of 2 CPUs
Checksum: PlaceDB: dc25b8c ConstDB: 0 ShapeSum: 6fb68a73 RouteDB: 0

Phase 1 Build RT Design
Phase 1 Build RT Design | Checksum: d71df569

Time (s): cpu = 00:00:29 ; elapsed = 00:00:26 . Memory (MB): peak = 1317.496 ; gain = 106.332
Post Restoration Checksum: NetGraph: aff93f2f NumContArr: 2724b63a Constraints: 0 Timing: 0

Phase 2 Router Initialization

Phase 2.1 Create Timer
Phase 2.1 Create Timer | Checksum: d71df569

Time (s): cpu = 00:00:29 ; elapsed = 00:00:26 . Memory (MB): peak = 1349.816 ; gain = 138.652

Phase 2.2 Fix Topology Constraints
Phase 2.2 Fix Topology Constraints | Checksum: d71df569

Time (s): cpu = 00:00:29 ; elapsed = 00:00:26 . Memory (MB): peak = 1356.891 ; gain = 145.727

Phase 2.3 Pre Route Cleanup
Phase 2.3 Pre Route Cleanup | Checksum: d71df569

Time (s): cpu = 00:00:29 ; elapsed = 00:00:26 . Memory (MB): peak = 1356.891 ; gain = 145.727
 Number of Nodes with overlaps = 0

Phase 2.4 Update Timing
Phase 2.4 Update Timing | Checksum: 11a3004e0

Time (s): cpu = 00:00:30 ; elapsed = 00:00:26 . Memory (MB): peak = 1374.836 ; gain = 163.672
INFO: [Route 35-416] Intermediate Timing Summary | WNS=3.365  | TNS=0.000  | WHS=-0.152 | THS=-6.249 |

Phase 2 Router Initialization | Checksum: ffff8ad4

Time (s): cpu = 00:00:30 ; elapsed = 00:00:27 . Memory (MB): peak = 1374.836 ; gain = 163.672

Router Utilization Summary
  Global Vertical Routing Utilization    = 0 %
  Global Horizontal Routing Utilization  = 0 %
  Routable Net Status*
  *Does not include unroutable nets such as driverless and loadless.
  Run report_route_status for detailed report.
  Number of Failed Nets               = 214
    (Failed Nets is the sum of unrouted and partially routed nets)
  Number of Unrouted Nets             = 214
  Number of Partially Routed Nets     = 0
  Number of Node Overlaps             = 0


Phase 3 Initial Routing
Phase 3 Initial Routing | Checksum: 28c04c4e8

Time (s): cpu = 00:00:30 ; elapsed = 00:00:27 . Memory (MB): peak = 1374.836 ; gain = 163.672

Phase 4 Rip-up And Reroute

Phase 4.1 Global Iteration 0
 Number of Nodes with overlaps = 18
 Number of Nodes with overlaps = 1
 Number of Nodes with overlaps = 0
INFO: [Route 35-416] Intermediate Timing Summary | WNS=3.233  | TNS=0.000  | WHS=N/A    | THS=N/A    |

Phase 4.1 Global Iteration 0 | Checksum: 11ae44b7d

Time (s): cpu = 00:00:30 ; elapsed = 00:00:27 . Memory (MB): peak = 1374.836 ; gain = 163.672

Phase 4.2 Global Iteration 1
 Number of Nodes with overlaps = 0
INFO: [Route 35-416] Intermediate Timing Summary | WNS=3.233  | TNS=0.000  | WHS=N/A    | THS=N/A    |

Phase 4.2 Global Iteration 1 | Checksum: 24cd2b707

Time (s): cpu = 00:00:30 ; elapsed = 00:00:27 . Memory (MB): peak = 1374.836 ; gain = 163.672
Phase 4 Rip-up And Reroute | Checksum: 24cd2b707

Time (s): cpu = 00:00:30 ; elapsed = 00:00:27 . Memory (MB): peak = 1374.836 ; gain = 163.672

Phase 5 Delay and Skew Optimization

Phase 5.1 Delay CleanUp

Phase 5.1.1 Update Timing
Phase 5.1.1 Update Timing | Checksum: 25a24c643

Time (s): cpu = 00:00:30 ; elapsed = 00:00:27 . Memory (MB): peak = 1374.836 ; gain = 163.672
INFO: [Route 35-416] Intermediate Timing Summary | WNS=3.404  | TNS=0.000  | WHS=N/A    | THS=N/A    |

Phase 5.1 Delay CleanUp | Checksum: 25a24c643

Time (s): cpu = 00:00:30 ; elapsed = 00:00:27 . Memory (MB): peak = 1374.836 ; gain = 163.672

Phase 5.2 Clock Skew Optimization
Phase 5.2 Clock Skew Optimization | Checksum: 25a24c643

Time (s): cpu = 00:00:30 ; elapsed = 00:00:27 . Memory (MB): peak = 1374.836 ; gain = 163.672
Phase 5 Delay and Skew Optimization | Checksum: 25a24c643

Time (s): cpu = 00:00:30 ; elapsed = 00:00:27 . Memory (MB): peak = 1374.836 ; gain = 163.672

Phase 6 Post Hold Fix

Phase 6.1 Hold Fix Iter

Phase 6.1.1 Update Timing
Phase 6.1.1 Update Timing | Checksum: 2a7ec255b

Time (s): cpu = 00:00:30 ; elapsed = 00:00:27 . Memory (MB): peak = 1374.836 ; gain = 163.672
INFO: [Route 35-416] Intermediate Timing Summary | WNS=3.404  | TNS=0.000  | WHS=0.067  | THS=0.000  |

Phase 6.1 Hold Fix Iter | Checksum: 29e08260b

Time (s): cpu = 00:00:30 ; elapsed = 00:00:27 . Memory (MB): peak = 1374.836 ; gain = 163.672
Phase 6 Post Hold Fix | Checksum: 29e08260b

Time (s): cpu = 00:00:30 ; elapsed = 00:00:27 . Memory (MB): peak = 1374.836 ; gain = 163.672

Phase 7 Route finalize

Router Utilization Summary
  Global Vertical Routing Utilization    = 0.0253184 %
  Global Horizontal Routing Utilization  = 0.020622 %
  Routable Net Status*
  *Does not include unroutable nets such as driverless and loadless.
  Run report_route_status for detailed report.
  Number of Failed Nets               = 0
    (Failed Nets is the sum of unrouted and partially routed nets)
  Number of Unrouted Nets             = 0
  Number of Partially Routed Nets     = 0
  Number of Node Overlaps             = 0

Phase 7 Route finalize | Checksum: 1b7900cdc

Time (s): cpu = 00:00:30 ; elapsed = 00:00:27 . Memory (MB): peak = 1374.836 ; gain = 163.672

Phase 8 Verifying routed nets

 Verification completed successfully
Phase 8 Verifying routed nets | Checksum: 1b7900cdc

Time (s): cpu = 00:00:30 ; elapsed = 00:00:27 . Memory (MB): peak = 1374.836 ; gain = 163.672

Phase 9 Depositing Routes
Phase 9 Depositing Routes | Checksum: 1a8bd7b2b

Time (s): cpu = 00:00:30 ; elapsed = 00:00:27 . Memory (MB): peak = 1374.836 ; gain = 163.672

Phase 10 Post Router Timing
INFO: [Route 35-57] Estimated Timing Summary | WNS=3.404  | TNS=0.000  | WHS=0.067  | THS=0.000  |

INFO: [Route 35-327] The final timing numbers are based on the router estimated timing analysis. For a complete and accurate timing signoff, please run report_timing_summary.
Phase 10 Post Router Timing | Checksum: 1a8bd7b2b

Time (s): cpu = 00:00:30 ; elapsed = 00:00:27 . Memory (MB): peak = 1374.836 ; gain = 163.672
INFO: [Route 35-16] Router Completed Successfully

Time (s): cpu = 00:00:30 ; elapsed = 00:00:27 . Memory (MB): peak = 1374.836 ; gain = 163.672

Routing Is Done.
INFO: [Common 17-83] Releasing license: Implementation
72 Infos, 0 Warnings, 0 Critical Warnings and 0 Errors encountered.
route_design completed successfully
route_design: Time (s): cpu = 00:00:32 ; elapsed = 00:00:28 . Memory (MB): peak = 1374.836 ; gain = 174.715
Netlist sorting complete. Time (s): cpu = 00:00:00 ; elapsed = 00:00:00.001 . Memory (MB): peak = 1374.836 ; gain = 0.000
INFO: [Timing 38-480] Writing timing data to binary archive.
Writing placer database...
Writing XDEF routing.
Writing XDEF routing logical nets.
Writing XDEF routing special nets.
Write XDEF Complete: Time (s): cpu = 00:00:01 ; elapsed = 00:00:00.092 . Memory (MB): peak = 1381.195 ; gain = 6.359
INFO: [Common 17-1381] The checkpoint 'C:/Users/Robby/Desktop/Lab_3/Lab_3.runs/impl_1/z1top_calculator_routed.dcp' has been generated.
INFO: [runtcl-4] Executing : report_drc -file z1top_calculator_drc_routed.rpt -pb z1top_calculator_drc_routed.pb -rpx z1top_calculator_drc_routed.rpx
Command: report_drc -file z1top_calculator_drc_routed.rpt -pb z1top_calculator_drc_routed.pb -rpx z1top_calculator_drc_routed.rpx
INFO: [IP_Flow 19-1839] IP Catalog is up to date.
INFO: [DRC 23-27] Running DRC with 2 threads
INFO: [Coretcl 2-168] The results of DRC are in file C:/Users/Robby/Desktop/Lab_3/Lab_3.runs/impl_1/z1top_calculator_drc_routed.rpt.
report_drc completed successfully
INFO: [runtcl-4] Executing : report_methodology -file z1top_calculator_methodology_drc_routed.rpt -pb z1top_calculator_methodology_drc_routed.pb -rpx z1top_calculator_methodology_drc_routed.rpx
Command: report_methodology -file z1top_calculator_methodology_drc_routed.rpt -pb z1top_calculator_methodology_drc_routed.pb -rpx z1top_calculator_methodology_drc_routed.rpx
INFO: [Timing 38-35] Done setting XDC timing constraints.
INFO: [DRC 23-133] Running Methodology with 2 threads
INFO: [Coretcl 2-1520] The results of Report Methodology are in file C:/Users/Robby/Desktop/Lab_3/Lab_3.runs/impl_1/z1top_calculator_methodology_drc_routed.rpt.
report_methodology completed successfully
INFO: [runtcl-4] Executing : report_power -file z1top_calculator_power_routed.rpt -pb z1top_calculator_power_summary_routed.pb -rpx z1top_calculator_power_routed.rpx
Command: report_power -file z1top_calculator_power_routed.rpt -pb z1top_calculator_power_summary_routed.pb -rpx z1top_calculator_power_routed.rpx
INFO: [Timing 38-35] Done setting XDC timing constraints.
Running Vector-less Activity Propagation...

Finished Running Vector-less Activity Propagation
84 Infos, 0 Warnings, 0 Critical Warnings and 0 Errors encountered.
report_power completed successfully
INFO: [runtcl-4] Executing : report_route_status -file z1top_calculator_route_status.rpt -pb z1top_calculator_route_status.pb
INFO: [runtcl-4] Executing : report_timing_summary -max_paths 10 -file z1top_calculator_timing_summary_routed.rpt -pb z1top_calculator_timing_summary_routed.pb -rpx z1top_calculator_timing_summary_routed.rpx -warn_on_violation 
INFO: [Timing 38-91] UpdateTimingParams: Speed grade: -1I, Delay Type: min_max.
INFO: [Timing 38-191] Multithreading enabled for timing update using a maximum of 2 CPUs
INFO: [runtcl-4] Executing : report_incremental_reuse -file z1top_calculator_incremental_reuse_routed.rpt
INFO: [Vivado_Tcl 4-1062] Incremental flow is disabled. No incremental reuse Info to report.
INFO: [runtcl-4] Executing : report_clock_utilization -file z1top_calculator_clock_utilization_routed.rpt
INFO: [runtcl-4] Executing : report_bus_skew -warn_on_violation -file z1top_calculator_bus_skew_routed.rpt -pb z1top_calculator_bus_skew_routed.pb -rpx z1top_calculator_bus_skew_routed.rpx
INFO: [Timing 38-91] UpdateTimingParams: Speed grade: -1I, Delay Type: min_max.
INFO: [Timing 38-191] Multithreading enabled for timing update using a maximum of 2 CPUs
Command: write_bitstream -force z1top_calculator.bit
Attempting to get a license for feature 'Implementation' and/or device 'xa7z020'
INFO: [Common 17-349] Got license for feature 'Implementation' and/or device 'xa7z020'
Running DRC as a precondition to command write_bitstream
INFO: [IP_Flow 19-1839] IP Catalog is up to date.
INFO: [DRC 23-27] Running DRC with 2 threads
WARNING: [DRC ZPS7-1] PS7 block required: The PS7 cell must be used in this Zynq design in order to enable correct default configuration.
INFO: [Vivado 12-3199] DRC finished with 0 Errors, 1 Warnings
INFO: [Vivado 12-3200] Please refer to the DRC report (report_drc) for more information.
INFO: [Designutils 20-2272] Running write_bitstream with 2 threads.
Loading data files...
Loading site data...
Loading route data...
Processing options...
Creating bitmap...
Creating bitstream...
Writing bitstream ./z1top_calculator.bit...
INFO: [Vivado 12-1842] Bitgen Completed Successfully.
INFO: [Project 1-120] WebTalk data collection is mandatory when using a WebPACK part without a full Vivado license. To see the specific WebTalk data collected for your design, open the usage_statistics_webtalk.html or usage_statistics_webtalk.xml file in the implementation directory.
INFO: [Common 17-186] 'C:/Users/Robby/Desktop/Lab_3/Lab_3.runs/impl_1/usage_statistics_webtalk.xml' has been successfully sent to Xilinx on Wed Mar  3 14:11:13 2021. For additional details about this file, please refer to the WebTalk help file at C:/Xilinx/Vivado/2019.1/doc/webtalk_introduction.html.
INFO: [Common 17-83] Releasing license: Implementation
104 Infos, 1 Warnings, 0 Critical Warnings and 0 Errors encountered.
write_bitstream completed successfully
write_bitstream: Time (s): cpu = 00:00:15 ; elapsed = 00:00:15 . Memory (MB): peak = 1835.023 ; gain = 431.215
INFO: [Common 17-206] Exiting Vivado at Wed Mar  3 14:11:13 2021...

*** Running vivado
    with args -log z1top_calculator.vdi -applog -m64 -product Vivado -messageDb vivado.pb -mode batch -source z1top_calculator.tcl -notrace


****** Vivado v2019.1 (64-bit)
  **** SW Build 2552052 on Fri May 24 14:49:42 MDT 2019
  **** IP Build 2548770 on Fri May 24 18:01:18 MDT 2019
    ** Copyright 1986-2019 Xilinx, Inc. All Rights Reserved.

source z1top_calculator.tcl -notrace
Command: open_checkpoint z1top_calculator_routed.dcp

Starting open_checkpoint Task

Time (s): cpu = 00:00:00 ; elapsed = 00:00:00.037 . Memory (MB): peak = 292.336 ; gain = 0.000
INFO: [Device 21-403] Loading part xa7z020clg400-1I
INFO: [Netlist 29-17] Analyzing 18 Unisim elements for replacement
INFO: [Netlist 29-28] Unisim Transformation completed in 1 CPU seconds
INFO: [Project 1-479] Netlist was created with Vivado 2019.1
INFO: [Project 1-570] Preparing netlist for logic optimization
INFO: [Timing 38-478] Restoring timing data from binary archive.
INFO: [Timing 38-479] Binary timing data restore complete.
INFO: [Project 1-856] Restoring constraints from binary archive.
INFO: [Project 1-853] Binary constraint restore complete.
Reading XDEF placement.
Reading placer database...
Reading XDEF routing.
Read XDEF File: Time (s): cpu = 00:00:01 ; elapsed = 00:00:00.146 . Memory (MB): peak = 1044.531 ; gain = 6.961
Restored from archive | CPU: 1.000000 secs | Memory: 0.000000 MB |
Finished XDEF File Restore: Time (s): cpu = 00:00:01 ; elapsed = 00:00:00.146 . Memory (MB): peak = 1044.531 ; gain = 6.961
Netlist sorting complete. Time (s): cpu = 00:00:00 ; elapsed = 00:00:00 . Memory (MB): peak = 1044.531 ; gain = 0.000
INFO: [Project 1-111] Unisim Transformation Summary:
  A total of 5 instances were transformed.
  RAM32X1S => RAM32X1S (RAMS32): 5 instances

INFO: [Project 1-604] Checkpoint was created with Vivado v2019.1 (64-bit) build 2552052
open_checkpoint: Time (s): cpu = 00:00:18 ; elapsed = 00:00:20 . Memory (MB): peak = 1044.531 ; gain = 752.195
Command: write_bitstream -force z1top_calculator.bit
Attempting to get a license for feature 'Implementation' and/or device 'xa7z020'
INFO: [Common 17-349] Got license for feature 'Implementation' and/or device 'xa7z020'
Running DRC as a precondition to command write_bitstream
INFO: [IP_Flow 19-234] Refreshing IP repositories
INFO: [IP_Flow 19-1704] No user IP repositories specified
INFO: [IP_Flow 19-2313] Loaded Vivado IP repository 'C:/Xilinx/Vivado/2019.1/data/ip'.
INFO: [DRC 23-27] Running DRC with 2 threads
WARNING: [DRC ZPS7-1] PS7 block required: The PS7 cell must be used in this Zynq design in order to enable correct default configuration.
INFO: [Vivado 12-3199] DRC finished with 0 Errors, 1 Warnings
INFO: [Vivado 12-3200] Please refer to the DRC report (report_drc) for more information.
INFO: [Designutils 20-2272] Running write_bitstream with 2 threads.
Loading data files...
Loading site data...
Loading route data...
Processing options...
Creating bitmap...
Creating bitstream...
Writing bitstream ./z1top_calculator.bit...
INFO: [Vivado 12-1842] Bitgen Completed Successfully.
INFO: [Project 1-120] WebTalk data collection is mandatory when using a WebPACK part without a full Vivado license. To see the specific WebTalk data collected for your design, open the usage_statistics_webtalk.html or usage_statistics_webtalk.xml file in the implementation directory.
INFO: [Common 17-186] 'C:/Users/Robby/Desktop/Lab_3/Lab_3.runs/impl_1/usage_statistics_webtalk.xml' has been successfully sent to Xilinx on Wed Mar 10 06:48:18 2021. For additional details about this file, please refer to the WebTalk help file at C:/Xilinx/Vivado/2019.1/doc/webtalk_introduction.html.
INFO: [Common 17-83] Releasing license: Implementation
23 Infos, 1 Warnings, 0 Critical Warnings and 0 Errors encountered.
write_bitstream completed successfully
write_bitstream: Time (s): cpu = 00:00:19 ; elapsed = 00:00:20 . Memory (MB): peak = 1519.719 ; gain = 475.188
INFO: [Common 17-206] Exiting Vivado at Wed Mar 10 06:48:18 2021...
