Copyright 1986-2019 Xilinx, Inc. All Rights Reserved.
--------------------------------------------------------------------------------------------------------------------------------------------------------------------------------------
| Tool Version : Vivado v.2019.1 (win64) Build 2552052 Fri May 24 14:49:42 MDT 2019
| Date         : Wed Mar  3 14:10:57 2021
| Host         : think running 64-bit major release  (build 9200)
| Command      : report_methodology -file z1top_calculator_methodology_drc_routed.rpt -pb z1top_calculator_methodology_drc_routed.pb -rpx z1top_calculator_methodology_drc_routed.rpx
| Design       : z1top_calculator
| Device       : xa7z020clg400-1I
| Speed File   : -1I
| Design State : Fully Routed
--------------------------------------------------------------------------------------------------------------------------------------------------------------------------------------

Report Methodology

Table of Contents
-----------------
1. REPORT SUMMARY
2. REPORT DETAILS

1. REPORT SUMMARY
-----------------
            Netlist: netlist
          Floorplan: design_1
      Design limits: <entire design considered>
             Max violations: <unlimited>
             Violations found: 12
+-----------+----------+-------------------------------+------------+
| Rule      | Severity | Description                   | Violations |
+-----------+----------+-------------------------------+------------+
| TIMING-18 | Warning  | Missing input or output delay | 12         |
+-----------+----------+-------------------------------+------------+

2. REPORT DETAILS
-----------------
TIMING-18#1 Warning
Missing input or output delay  
An input delay is missing on BUTTONS[0] relative to clock(s) CLK_125MHZ_FPGA
Related violations: <none>

TIMING-18#2 Warning
Missing input or output delay  
An input delay is missing on BUTTONS[1] relative to clock(s) CLK_125MHZ_FPGA
Related violations: <none>

TIMING-18#3 Warning
Missing input or output delay  
An input delay is missing on BUTTONS[2] relative to clock(s) CLK_125MHZ_FPGA
Related violations: <none>

TIMING-18#4 Warning
Missing input or output delay  
An input delay is missing on BUTTONS[3] relative to clock(s) CLK_125MHZ_FPGA
Related violations: <none>

TIMING-18#5 Warning
Missing input or output delay  
An input delay is missing on SWITCHES[0] relative to clock(s) CLK_125MHZ_FPGA
Related violations: <none>

TIMING-18#6 Warning
Missing input or output delay  
An input delay is missing on SWITCHES[1] relative to clock(s) CLK_125MHZ_FPGA
Related violations: <none>

TIMING-18#7 Warning
Missing input or output delay  
An output delay is missing on LEDS[0] relative to clock(s) CLK_125MHZ_FPGA
Related violations: <none>

TIMING-18#8 Warning
Missing input or output delay  
An output delay is missing on LEDS[1] relative to clock(s) CLK_125MHZ_FPGA
Related violations: <none>

TIMING-18#9 Warning
Missing input or output delay  
An output delay is missing on LEDS[2] relative to clock(s) CLK_125MHZ_FPGA
Related violations: <none>

TIMING-18#10 Warning
Missing input or output delay  
An output delay is missing on LEDS[3] relative to clock(s) CLK_125MHZ_FPGA
Related violations: <none>

TIMING-18#11 Warning
Missing input or output delay  
An output delay is missing on LEDS[4] relative to clock(s) CLK_125MHZ_FPGA
Related violations: <none>

TIMING-18#12 Warning
Missing input or output delay  
An output delay is missing on LEDS[5] relative to clock(s) CLK_125MHZ_FPGA
Related violations: <none>


